# JRE version: OpenJDK Runtime Environment Temurin-21.0.8+9 (21.0.8+9) (build 21.0.8+9-LTS)
# Java VM: OpenJDK 64-Bit Server VM Temurin-21.0.8+9 (21.0.8+9-LTS, mixed mode, sharing, tiered, compressed oops, compressed class ptrs, parallel gc, windows-amd64)
GC Precious Log:
 CardTable entry size: 512
 CPUs: 8 total, 8 available
 Memory: 3895M
 Large Page Support: Disabled
 NUMA Support: Disabled
 Compressed Oops: Enabled (32-bit)
 Alignments: Space 512K, Generation 512K, Heap 2M
 Heap Min Capacity: 100M
 Heap Initial Capacity: 100M
 Heap Max Capacity: 2G
 Pre-touch: Disabled
 Parallel Workers: 8
Heap:
 PSYoungGen      total 44032K, used 39321K [0x00000000d5580000, 0x00000000d8780000, 0x0000000100000000)
  eden space 34304K, 100% used [0x00000000d5580000,0x00000000d7700000,0x00000000d7700000)
  from space 9728K, 51% used [0x00000000d7700000,0x00000000d7be66e0,0x00000000d8080000)
  to   space 6656K, 99% used [0x00000000d8100000,0x00000000d877d570,0x00000000d8780000)
 ParOldGen       total 282624K, used 282621K [0x0000000080000000, 0x0000000091480000, 0x00000000d5580000)
  object space 282624K, 99% used [0x0000000080000000,0x00000000913ff610,0x0000000091400000)
 Metaspace       used 72526K, committed 74176K, reserved 1179648K
  class space    used 7723K, committed 8384K, reserved 1048576K
GC Heap History (20 events):
Event: 31.568 GC heap after
{Heap after GC invocations=276 (full 4):
 PSYoungGen      total 34304K, used 3053K [0x00000000d5580000, 0x00000000d8000000, 0x0000000100000000)
  eden space 31232K, 0% used [0x00000000d5580000,0x00000000d5580000,0x00000000d7400000)
  from space 3072K, 99% used [0x00000000d7900000,0x00000000d7bfb400,0x00000000d7c00000)
  to   space 5120K, 0% used [0x00000000d7400000,0x00000000d7400000,0x00000000d7900000)
 ParOldGen       total 253440K, used 253388K [0x0000000080000000, 0x000000008f780000, 0x00000000d5580000)
  object space 253440K, 99% used [0x0000000080000000,0x000000008f7731a0,0x000000008f780000)
 Metaspace       used 72433K, committed 74048K, reserved 1179648K
  class space    used 7719K, committed 8384K, reserved 1048576K
}
Event: 31.622 GC heap before
{Heap before GC invocations=277 (full 4):
 PSYoungGen      total 34304K, used 34285K [0x00000000d5580000, 0x00000000d8000000, 0x0000000100000000)
  eden space 31232K, 100% used [0x00000000d5580000,0x00000000d7400000,0x00000000d7400000)
  from space 3072K, 99% used [0x00000000d7900000,0x00000000d7bfb400,0x00000000d7c00000)
  to   space 5120K, 0% used [0x00000000d7400000,0x00000000d7400000,0x00000000d7900000)
 ParOldGen       total 253440K, used 253388K [0x0000000080000000, 0x000000008f780000, 0x00000000d5580000)
  object space 253440K, 99% used [0x0000000080000000,0x000000008f7731a0,0x000000008f780000)
 Metaspace       used 72433K, committed 74048K, reserved 1179648K
  class space    used 7719K, committed 8384K, reserved 1048576K
}
Event: 31.628 GC heap after
{Heap after GC invocations=277 (full 4):
 PSYoungGen      total 36352K, used 3062K [0x00000000d5580000, 0x00000000d7e80000, 0x0000000100000000)
  eden space 31232K, 0% used [0x00000000d5580000,0x00000000d5580000,0x00000000d7400000)
  from space 5120K, 59% used [0x00000000d7400000,0x00000000d76fd868,0x00000000d7900000)
  to   space 3584K, 0% used [0x00000000d7b00000,0x00000000d7b00000,0x00000000d7e80000)
 ParOldGen       total 256512K, used 256178K [0x0000000080000000, 0x000000008fa80000, 0x00000000d5580000)
  object space 256512K, 99% used [0x0000000080000000,0x000000008fa2c9a0,0x000000008fa80000)
 Metaspace       used 72433K, committed 74048K, reserved 1179648K
  class space    used 7719K, committed 8384K, reserved 1048576K
}
Event: 31.682 GC heap before
{Heap before GC invocations=278 (full 4):
 PSYoungGen      total 36352K, used 34294K [0x00000000d5580000, 0x00000000d7e80000, 0x0000000100000000)
  eden space 31232K, 100% used [0x00000000d5580000,0x00000000d7400000,0x00000000d7400000)
  from space 5120K, 59% used [0x00000000d7400000,0x00000000d76fd868,0x00000000d7900000)
  to   space 3584K, 0% used [0x00000000d7b00000,0x00000000d7b00000,0x00000000d7e80000)
 ParOldGen       total 256512K, used 256178K [0x0000000080000000, 0x000000008fa80000, 0x00000000d5580000)
  object space 256512K, 99% used [0x0000000080000000,0x000000008fa2c9a0,0x000000008fa80000)
 Metaspace       used 72434K, committed 74048K, reserved 1179648K
  class space    used 7719K, committed 8384K, reserved 1048576K
}
Event: 31.687 GC heap after
{Heap after GC invocations=278 (full 4):
 PSYoungGen      total 35328K, used 3577K [0x00000000d5580000, 0x00000000d8400000, 0x0000000100000000)
  eden space 31744K, 0% used [0x00000000d5580000,0x00000000d5580000,0x00000000d7480000)
  from space 3584K, 99% used [0x00000000d7b00000,0x00000000d7e7e5e0,0x00000000d7e80000)
  to   space 6656K, 0% used [0x00000000d7480000,0x00000000d7480000,0x00000000d7b00000)
 ParOldGen       total 258560K, used 258540K [0x0000000080000000, 0x000000008fc80000, 0x00000000d5580000)
  object space 258560K, 99% used [0x0000000080000000,0x000000008fc7b0c8,0x000000008fc80000)
 Metaspace       used 72434K, committed 74048K, reserved 1179648K
  class space    used 7719K, committed 8384K, reserved 1048576K
}
Event: 31.747 GC heap before
{Heap before GC invocations=279 (full 4):
 PSYoungGen      total 35328K, used 35321K [0x00000000d5580000, 0x00000000d8400000, 0x0000000100000000)
  eden space 31744K, 100% used [0x00000000d5580000,0x00000000d7480000,0x00000000d7480000)
  from space 3584K, 99% used [0x00000000d7b00000,0x00000000d7e7e5e0,0x00000000d7e80000)
  to   space 6656K, 0% used [0x00000000d7480000,0x00000000d7480000,0x00000000d7b00000)
 ParOldGen       total 258560K, used 258540K [0x0000000080000000, 0x000000008fc80000, 0x00000000d5580000)
  object space 258560K, 99% used [0x0000000080000000,0x000000008fc7b0c8,0x000000008fc80000)
 Metaspace       used 72444K, committed 74048K, reserved 1179648K
  class space    used 7721K, committed 8384K, reserved 1048576K
}
Event: 31.757 GC heap after
{Heap after GC invocations=279 (full 4):
 PSYoungGen      total 38400K, used 5100K [0x00000000d5580000, 0x00000000d8300000, 0x0000000100000000)
  eden space 31744K, 0% used [0x00000000d5580000,0x00000000d5580000,0x00000000d7480000)
  from space 6656K, 76% used [0x00000000d7480000,0x00000000d797b1e0,0x00000000d7b00000)
  to   space 5632K, 0% used [0x00000000d7d80000,0x00000000d7d80000,0x00000000d8300000)
 ParOldGen       total 262144K, used 261857K [0x0000000080000000, 0x0000000090000000, 0x00000000d5580000)
  object space 262144K, 99% used [0x0000000080000000,0x000000008ffb8600,0x0000000090000000)
 Metaspace       used 72444K, committed 74048K, reserved 1179648K
  class space    used 7721K, committed 8384K, reserved 1048576K
}
Event: 31.798 GC heap before
{Heap before GC invocations=280 (full 4):
 PSYoungGen      total 38400K, used 36844K [0x00000000d5580000, 0x00000000d8300000, 0x0000000100000000)
  eden space 31744K, 100% used [0x00000000d5580000,0x00000000d7480000,0x00000000d7480000)
  from space 6656K, 76% used [0x00000000d7480000,0x00000000d797b1e0,0x00000000d7b00000)
  to   space 5632K, 0% used [0x00000000d7d80000,0x00000000d7d80000,0x00000000d8300000)
 ParOldGen       total 262144K, used 261857K [0x0000000080000000, 0x0000000090000000, 0x00000000d5580000)
  object space 262144K, 99% used [0x0000000080000000,0x000000008ffb8600,0x0000000090000000)
 Metaspace       used 72444K, committed 74048K, reserved 1179648K
  class space    used 7721K, committed 8384K, reserved 1048576K
}
Event: 31.813 GC heap after
{Heap after GC invocations=280 (full 4):
 PSYoungGen      total 38400K, used 5619K [0x00000000d5580000, 0x00000000d8800000, 0x0000000100000000)
  eden space 32768K, 0% used [0x00000000d5580000,0x00000000d5580000,0x00000000d7580000)
  from space 5632K, 99% used [0x00000000d7d80000,0x00000000d82fcd28,0x00000000d8300000)
  to   space 8192K, 0% used [0x00000000d7580000,0x00000000d7580000,0x00000000d7d80000)
 ParOldGen       total 264192K, used 263948K [0x0000000080000000, 0x0000000090200000, 0x00000000d5580000)
  object space 264192K, 99% used [0x0000000080000000,0x00000000901c3228,0x0000000090200000)
 Metaspace       used 72444K, committed 74048K, reserved 1179648K
  class space    used 7721K, committed 8384K, reserved 1048576K
}
Event: 31.878 GC heap before
{Heap before GC invocations=281 (full 4):
 PSYoungGen      total 38400K, used 38387K [0x00000000d5580000, 0x00000000d8800000, 0x0000000100000000)
  eden space 32768K, 100% used [0x00000000d5580000,0x00000000d7580000,0x00000000d7580000)
  from space 5632K, 99% used [0x00000000d7d80000,0x00000000d82fcd28,0x00000000d8300000)
  to   space 8192K, 0% used [0x00000000d7580000,0x00000000d7580000,0x00000000d7d80000)
 ParOldGen       total 264192K, used 263948K [0x0000000080000000, 0x0000000090200000, 0x00000000d5580000)
  object space 264192K, 99% used [0x0000000080000000,0x00000000901c3228,0x0000000090200000)
 Metaspace       used 72444K, committed 74048K, reserved 1179648K
  class space    used 7721K, committed 8384K, reserved 1048576K
}
Event: 31.886 GC heap after
{Heap after GC invocations=281 (full 4):
 PSYoungGen      total 40960K, used 3886K [0x00000000d5580000, 0x00000000d8400000, 0x0000000100000000)
  eden space 32768K, 0% used [0x00000000d5580000,0x00000000d5580000,0x00000000d7580000)
  from space 8192K, 47% used [0x00000000d7580000,0x00000000d794b988,0x00000000d7d80000)
  to   space 5632K, 0% used [0x00000000d7e80000,0x00000000d7e80000,0x00000000d8400000)
 ParOldGen       total 268288K, used 267999K [0x0000000080000000, 0x0000000090600000, 0x00000000d5580000)
  object space 268288K, 99% used [0x0000000080000000,0x00000000905b7dd8,0x0000000090600000)
 Metaspace       used 72444K, committed 74048K, reserved 1179648K
  class space    used 7721K, committed 8384K, reserved 1048576K
}
Event: 31.936 GC heap before
{Heap before GC invocations=282 (full 4):
 PSYoungGen      total 40960K, used 36654K [0x00000000d5580000, 0x00000000d8400000, 0x0000000100000000)
  eden space 32768K, 100% used [0x00000000d5580000,0x00000000d7580000,0x00000000d7580000)
  from space 8192K, 47% used [0x00000000d7580000,0x00000000d794b988,0x00000000d7d80000)
  to   space 5632K, 0% used [0x00000000d7e80000,0x00000000d7e80000,0x00000000d8400000)
 ParOldGen       total 268288K, used 267999K [0x0000000080000000, 0x0000000090600000, 0x00000000d5580000)
  object space 268288K, 99% used [0x0000000080000000,0x00000000905b7dd8,0x0000000090600000)
 Metaspace       used 72444K, committed 74048K, reserved 1179648K
  class space    used 7721K, committed 8384K, reserved 1048576K
}
Event: 31.949 GC heap after
{Heap after GC invocations=282 (full 4):
 PSYoungGen      total 38912K, used 2360K [0x00000000d5580000, 0x00000000d8100000, 0x0000000100000000)
  eden space 36352K, 0% used [0x00000000d5580000,0x00000000d5580000,0x00000000d7900000)
  from space 2560K, 92% used [0x00000000d7e80000,0x00000000d80ce200,0x00000000d8100000)
  to   space 3584K, 0% used [0x00000000d7a00000,0x00000000d7a00000,0x00000000d7d80000)
 ParOldGen       total 271872K, used 271653K [0x0000000080000000, 0x0000000090980000, 0x00000000d5580000)
  object space 271872K, 99% used [0x0000000080000000,0x0000000090949618,0x0000000090980000)
 Metaspace       used 72444K, committed 74048K, reserved 1179648K
  class space    used 7721K, committed 8384K, reserved 1048576K
}
Event: 32.109 GC heap before
{Heap before GC invocations=283 (full 4):
 PSYoungGen      total 38912K, used 38712K [0x00000000d5580000, 0x00000000d8100000, 0x0000000100000000)
  eden space 36352K, 100% used [0x00000000d5580000,0x00000000d7900000,0x00000000d7900000)
  from space 2560K, 92% used [0x00000000d7e80000,0x00000000d80ce200,0x00000000d8100000)
  to   space 3584K, 0% used [0x00000000d7a00000,0x00000000d7a00000,0x00000000d7d80000)
 ParOldGen       total 271872K, used 271653K [0x0000000080000000, 0x0000000090980000, 0x00000000d5580000)
  object space 271872K, 99% used [0x0000000080000000,0x0000000090949618,0x0000000090980000)
 Metaspace       used 72478K, committed 74112K, reserved 1179648K
  class space    used 7721K, committed 8384K, reserved 1048576K
}
Event: 32.121 GC heap after
{Heap after GC invocations=283 (full 4):
 PSYoungGen      total 40960K, used 3207K [0x00000000d5580000, 0x00000000d8400000, 0x0000000100000000)
  eden space 37376K, 0% used [0x00000000d5580000,0x00000000d5580000,0x00000000d7a00000)
  from space 3584K, 89% used [0x00000000d7a00000,0x00000000d7d21f10,0x00000000d7d80000)
  to   space 3584K, 0% used [0x00000000d8080000,0x00000000d8080000,0x00000000d8400000)
 ParOldGen       total 273920K, used 273887K [0x0000000080000000, 0x0000000090b80000, 0x00000000d5580000)
  object space 273920K, 99% used [0x0000000080000000,0x0000000090b77ff8,0x0000000090b80000)
 Metaspace       used 72478K, committed 74112K, reserved 1179648K
  class space    used 7721K, committed 8384K, reserved 1048576K
}
Event: 32.366 GC heap before
{Heap before GC invocations=284 (full 4):
 PSYoungGen      total 40960K, used 40180K [0x00000000d5580000, 0x00000000d8400000, 0x0000000100000000)
  eden space 37376K, 98% used [0x00000000d5580000,0x00000000d799b310,0x00000000d7a00000)
  from space 3584K, 89% used [0x00000000d7a00000,0x00000000d7d21f10,0x00000000d7d80000)
  to   space 3584K, 0% used [0x00000000d8080000,0x00000000d8080000,0x00000000d8400000)
 ParOldGen       total 273920K, used 273887K [0x0000000080000000, 0x0000000090b80000, 0x00000000d5580000)
  object space 273920K, 99% used [0x0000000080000000,0x0000000090b77ff8,0x0000000090b80000)
 Metaspace       used 72525K, committed 74112K, reserved 1179648K
  class space    used 7723K, committed 8384K, reserved 1048576K
}
Event: 32.397 GC heap after
{Heap after GC invocations=284 (full 4):
 PSYoungGen      total 37888K, used 3570K [0x00000000d5580000, 0x00000000d9100000, 0x0000000100000000)
  eden space 34304K, 0% used [0x00000000d5580000,0x00000000d5580000,0x00000000d7700000)
  from space 3584K, 99% used [0x00000000d8080000,0x00000000d83fc9d8,0x00000000d8400000)
  to   space 9728K, 0% used [0x00000000d7700000,0x00000000d7700000,0x00000000d8080000)
 ParOldGen       total 279040K, used 278862K [0x0000000080000000, 0x0000000091080000, 0x00000000d5580000)
  object space 279040K, 99% used [0x0000000080000000,0x0000000091053ac8,0x0000000091080000)
 Metaspace       used 72525K, committed 74112K, reserved 1179648K
  class space    used 7723K, committed 8384K, reserved 1048576K
}
Event: 32.648 GC heap before
{Heap before GC invocations=285 (full 4):
 PSYoungGen      total 37888K, used 37874K [0x00000000d5580000, 0x00000000d9100000, 0x0000000100000000)
  eden space 34304K, 100% used [0x00000000d5580000,0x00000000d7700000,0x00000000d7700000)
  from space 3584K, 99% used [0x00000000d8080000,0x00000000d83fc9d8,0x00000000d8400000)
  to   space 9728K, 0% used [0x00000000d7700000,0x00000000d7700000,0x00000000d8080000)
 ParOldGen       total 279040K, used 278862K [0x0000000080000000, 0x0000000091080000, 0x00000000d5580000)
  object space 279040K, 99% used [0x0000000080000000,0x0000000091053ac8,0x0000000091080000)
 Metaspace       used 72525K, committed 74112K, reserved 1179648K
  class space    used 7723K, committed 8384K, reserved 1048576K
}
Event: 32.662 GC heap after
{Heap after GC invocations=285 (full 4):
 PSYoungGen      total 44032K, used 5017K [0x00000000d5580000, 0x00000000d8780000, 0x0000000100000000)
  eden space 34304K, 0% used [0x00000000d5580000,0x00000000d5580000,0x00000000d7700000)
  from space 9728K, 51% used [0x00000000d7700000,0x00000000d7be66e0,0x00000000d8080000)
  to   space 6656K, 0% used [0x00000000d8100000,0x00000000d8100000,0x00000000d8780000)
 ParOldGen       total 282624K, used 282174K [0x0000000080000000, 0x0000000091400000, 0x00000000d5580000)
  object space 282624K, 99% used [0x0000000080000000,0x000000009138f9f0,0x0000000091400000)
 Metaspace       used 72525K, committed 74112K, reserved 1179648K
  class space    used 7723K, committed 8384K, reserved 1048576K
}
Event: 32.933 GC heap before
{Heap before GC invocations=286 (full 4):
 PSYoungGen      total 44032K, used 39321K [0x00000000d5580000, 0x00000000d8780000, 0x0000000100000000)
  eden space 34304K, 100% used [0x00000000d5580000,0x00000000d7700000,0x00000000d7700000)
  from space 9728K, 51% used [0x00000000d7700000,0x00000000d7be66e0,0x00000000d8080000)
  to   space 6656K, 0% used [0x00000000d8100000,0x00000000d8100000,0x00000000d8780000)
 ParOldGen       total 282624K, used 282174K [0x0000000080000000, 0x0000000091400000, 0x00000000d5580000)
  object space 282624K, 99% used [0x0000000080000000,0x000000009138f9f0,0x0000000091400000)
 Metaspace       used 72526K, committed 74176K, reserved 1179648K
  class space    used 7723K, committed 8384K, reserved 1048576K
}

