# JRE version: OpenJDK Runtime Environment Temurin-21.0.8+9 (21.0.8+9) (build 21.0.8+9-LTS)
# Java VM: OpenJDK 64-Bit Server VM Temurin-21.0.8+9 (21.0.8+9-LTS, mixed mode, sharing, tiered, compressed oops, compressed class ptrs, parallel gc, windows-amd64)
GC Precious Log:
 CardTable entry size: 512
 CPUs: 8 total, 8 available
 Memory: 3895M
 Large Page Support: Disabled
 NUMA Support: Disabled
 Compressed Oops: Enabled (32-bit)
 Alignments: Space 512K, Generation 512K, Heap 2M
 Heap Min Capacity: 100M
 Heap Initial Capacity: 100M
 Heap Max Capacity: 2G
 Pre-touch: Disabled
 Parallel Workers: 8
Heap:
 PSYoungGen      total 2560K, used 1328K [0x00000000d5580000, 0x00000000d5980000, 0x0000000100000000)
  eden space 1024K, 23% used [0x00000000d5580000,0x00000000d55bd368,0x00000000d5680000)
  from space 1536K, 70% used [0x00000000d5680000,0x00000000d578ed50,0x00000000d5800000)
  to   space 1536K, 0% used [0x00000000d5800000,0x00000000d5800000,0x00000000d5980000)
 ParOldGen       total 366080K, used 365825K [0x0000000080000000, 0x0000000096580000, 0x00000000d5580000)
  object space 366080K, 99% used [0x0000000080000000,0x0000000096540558,0x0000000096580000)
 Metaspace       used 61578K, committed 63040K, reserved 1114112K
  class space    used 6562K, committed 7168K, reserved 1048576K
GC Heap History (20 events):
Event: 16.596 GC heap before
{Heap before GC invocations=325 (full 3):
 PSYoungGen      total 1536K, used 1024K [0x00000000d5580000, 0x00000000d5880000, 0x0000000100000000)
  eden space 512K, 100% used [0x00000000d5580000,0x00000000d5600000,0x00000000d5600000)
  from space 1024K, 50% used [0x00000000d5600000,0x00000000d5680000,0x00000000d5700000)
  to   space 1024K, 0% used [0x00000000d5780000,0x00000000d5780000,0x00000000d5880000)
 ParOldGen       total 356864K, used 356730K [0x0000000080000000, 0x0000000095c80000, 0x00000000d5580000)
  object space 356864K, 99% used [0x0000000080000000,0x0000000095c5eb28,0x0000000095c80000)
 Metaspace       used 61575K, committed 63040K, reserved 1114112K
  class space    used 6562K, committed 7168K, reserved 1048576K
}
Event: 16.599 GC heap after
{Heap after GC invocations=325 (full 3):
 PSYoungGen      total 1536K, used 576K [0x00000000d5580000, 0x00000000d5880000, 0x0000000100000000)
  eden space 512K, 0% used [0x00000000d5580000,0x00000000d5580000,0x00000000d5600000)
  from space 1024K, 56% used [0x00000000d5780000,0x00000000d5810000,0x00000000d5880000)
  to   space 1024K, 0% used [0x00000000d5600000,0x00000000d5600000,0x00000000d5700000)
 ParOldGen       total 357376K, used 357109K [0x0000000080000000, 0x0000000095d00000, 0x00000000d5580000)
  object space 357376K, 99% used [0x0000000080000000,0x0000000095cbd5a0,0x0000000095d00000)
 Metaspace       used 61575K, committed 63040K, reserved 1114112K
  class space    used 6562K, committed 7168K, reserved 1048576K
}
Event: 16.610 GC heap before
{Heap before GC invocations=326 (full 3):
 PSYoungGen      total 1536K, used 1088K [0x00000000d5580000, 0x00000000d5880000, 0x0000000100000000)
  eden space 512K, 100% used [0x00000000d5580000,0x00000000d5600000,0x00000000d5600000)
  from space 1024K, 56% used [0x00000000d5780000,0x00000000d5810000,0x00000000d5880000)
  to   space 1024K, 0% used [0x00000000d5600000,0x00000000d5600000,0x00000000d5700000)
 ParOldGen       total 357376K, used 357109K [0x0000000080000000, 0x0000000095d00000, 0x00000000d5580000)
  object space 357376K, 99% used [0x0000000080000000,0x0000000095cbd5a0,0x0000000095d00000)
 Metaspace       used 61576K, committed 63040K, reserved 1114112K
  class space    used 6562K, committed 7168K, reserved 1048576K
}
Event: 16.612 GC heap after
{Heap after GC invocations=326 (full 3):
 PSYoungGen      total 1536K, used 499K [0x00000000d5580000, 0x00000000d5800000, 0x0000000100000000)
  eden space 512K, 0% used [0x00000000d5580000,0x00000000d5580000,0x00000000d5600000)
  from space 1024K, 48% used [0x00000000d5600000,0x00000000d567cfd0,0x00000000d5700000)
  to   space 1024K, 0% used [0x00000000d5700000,0x00000000d5700000,0x00000000d5800000)
 ParOldGen       total 357888K, used 357537K [0x0000000080000000, 0x0000000095d80000, 0x00000000d5580000)
  object space 357888K, 99% used [0x0000000080000000,0x0000000095d28598,0x0000000095d80000)
 Metaspace       used 61576K, committed 63040K, reserved 1114112K
  class space    used 6562K, committed 7168K, reserved 1048576K
}
Event: 16.616 GC heap before
{Heap before GC invocations=327 (full 3):
 PSYoungGen      total 1536K, used 1004K [0x00000000d5580000, 0x00000000d5800000, 0x0000000100000000)
  eden space 512K, 98% used [0x00000000d5580000,0x00000000d55fe2b8,0x00000000d5600000)
  from space 1024K, 48% used [0x00000000d5600000,0x00000000d567cfd0,0x00000000d5700000)
  to   space 1024K, 0% used [0x00000000d5700000,0x00000000d5700000,0x00000000d5800000)
 ParOldGen       total 357888K, used 357537K [0x0000000080000000, 0x0000000095d80000, 0x00000000d5580000)
  object space 357888K, 99% used [0x0000000080000000,0x0000000095d28598,0x0000000095d80000)
 Metaspace       used 61577K, committed 63040K, reserved 1114112K
  class space    used 6562K, committed 7168K, reserved 1048576K
}
Event: 16.620 GC heap after
{Heap after GC invocations=327 (full 3):
 PSYoungGen      total 1536K, used 320K [0x00000000d5580000, 0x00000000d5780000, 0x0000000100000000)
  eden space 1024K, 0% used [0x00000000d5580000,0x00000000d5580000,0x00000000d5680000)
  from space 512K, 62% used [0x00000000d5700000,0x00000000d5750000,0x00000000d5780000)
  to   space 512K, 0% used [0x00000000d5680000,0x00000000d5680000,0x00000000d5700000)
 ParOldGen       total 358400K, used 357901K [0x0000000080000000, 0x0000000095e00000, 0x00000000d5580000)
  object space 358400K, 99% used [0x0000000080000000,0x0000000095d83578,0x0000000095e00000)
 Metaspace       used 61577K, committed 63040K, reserved 1114112K
  class space    used 6562K, committed 7168K, reserved 1048576K
}
Event: 16.649 GC heap before
{Heap before GC invocations=328 (full 3):
 PSYoungGen      total 1536K, used 1344K [0x00000000d5580000, 0x00000000d5780000, 0x0000000100000000)
  eden space 1024K, 100% used [0x00000000d5580000,0x00000000d5680000,0x00000000d5680000)
  from space 512K, 62% used [0x00000000d5700000,0x00000000d5750000,0x00000000d5780000)
  to   space 512K, 0% used [0x00000000d5680000,0x00000000d5680000,0x00000000d5700000)
 ParOldGen       total 358400K, used 357901K [0x0000000080000000, 0x0000000095e00000, 0x00000000d5580000)
  object space 358400K, 99% used [0x0000000080000000,0x0000000095d83578,0x0000000095e00000)
 Metaspace       used 61578K, committed 63040K, reserved 1114112K
  class space    used 6562K, committed 7168K, reserved 1048576K
}
Event: 16.652 GC heap after
{Heap after GC invocations=328 (full 3):
 PSYoungGen      total 1536K, used 512K [0x00000000d5580000, 0x00000000d5a00000, 0x0000000100000000)
  eden space 1024K, 0% used [0x00000000d5580000,0x00000000d5580000,0x00000000d5680000)
  from space 512K, 100% used [0x00000000d5680000,0x00000000d5700000,0x00000000d5700000)
  to   space 1536K, 0% used [0x00000000d5880000,0x00000000d5880000,0x00000000d5a00000)
 ParOldGen       total 358912K, used 358447K [0x0000000080000000, 0x0000000095e80000, 0x00000000d5580000)
  object space 358912K, 99% used [0x0000000080000000,0x0000000095e0bf78,0x0000000095e80000)
 Metaspace       used 61578K, committed 63040K, reserved 1114112K
  class space    used 6562K, committed 7168K, reserved 1048576K
}
Event: 16.677 GC heap before
{Heap before GC invocations=329 (full 3):
 PSYoungGen      total 1536K, used 1322K [0x00000000d5580000, 0x00000000d5a00000, 0x0000000100000000)
  eden space 1024K, 79% used [0x00000000d5580000,0x00000000d564aa08,0x00000000d5680000)
  from space 512K, 100% used [0x00000000d5680000,0x00000000d5700000,0x00000000d5700000)
  to   space 1536K, 0% used [0x00000000d5880000,0x00000000d5880000,0x00000000d5a00000)
 ParOldGen       total 358912K, used 358447K [0x0000000080000000, 0x0000000095e80000, 0x00000000d5580000)
  object space 358912K, 99% used [0x0000000080000000,0x0000000095e0bf78,0x0000000095e80000)
 Metaspace       used 61578K, committed 63040K, reserved 1114112K
  class space    used 6562K, committed 7168K, reserved 1048576K
}
Event: 16.679 GC heap after
{Heap after GC invocations=329 (full 3):
 PSYoungGen      total 2048K, used 907K [0x00000000d5580000, 0x00000000d5980000, 0x0000000100000000)
  eden space 1024K, 0% used [0x00000000d5580000,0x00000000d5580000,0x00000000d5680000)
  from space 1024K, 88% used [0x00000000d5880000,0x00000000d5962e88,0x00000000d5980000)
  to   space 1024K, 0% used [0x00000000d5780000,0x00000000d5780000,0x00000000d5880000)
 ParOldGen       total 359424K, used 358999K [0x0000000080000000, 0x0000000095f00000, 0x00000000d5580000)
  object space 359424K, 99% used [0x0000000080000000,0x0000000095e95f40,0x0000000095f00000)
 Metaspace       used 61578K, committed 63040K, reserved 1114112K
  class space    used 6562K, committed 7168K, reserved 1048576K
}
Event: 16.699 GC heap before
{Heap before GC invocations=330 (full 3):
 PSYoungGen      total 2048K, used 1931K [0x00000000d5580000, 0x00000000d5980000, 0x0000000100000000)
  eden space 1024K, 100% used [0x00000000d5580000,0x00000000d5680000,0x00000000d5680000)
  from space 1024K, 88% used [0x00000000d5880000,0x00000000d5962e88,0x00000000d5980000)
  to   space 1024K, 0% used [0x00000000d5780000,0x00000000d5780000,0x00000000d5880000)
 ParOldGen       total 359424K, used 358999K [0x0000000080000000, 0x0000000095f00000, 0x00000000d5580000)
  object space 359424K, 99% used [0x0000000080000000,0x0000000095e95f40,0x0000000095f00000)
 Metaspace       used 61578K, committed 63040K, reserved 1114112K
  class space    used 6562K, committed 7168K, reserved 1048576K
}
Event: 16.702 GC heap after
{Heap after GC invocations=330 (full 3):
 PSYoungGen      total 2048K, used 775K [0x00000000d5580000, 0x00000000d5900000, 0x0000000100000000)
  eden space 1024K, 0% used [0x00000000d5580000,0x00000000d5580000,0x00000000d5680000)
  from space 1024K, 75% used [0x00000000d5780000,0x00000000d5841eb8,0x00000000d5880000)
  to   space 512K, 0% used [0x00000000d5880000,0x00000000d5880000,0x00000000d5900000)
 ParOldGen       total 360448K, used 360144K [0x0000000080000000, 0x0000000096000000, 0x00000000d5580000)
  object space 360448K, 99% used [0x0000000080000000,0x0000000095fb4308,0x0000000096000000)
 Metaspace       used 61578K, committed 63040K, reserved 1114112K
  class space    used 6562K, committed 7168K, reserved 1048576K
}
Event: 16.725 GC heap before
{Heap before GC invocations=331 (full 3):
 PSYoungGen      total 2048K, used 1799K [0x00000000d5580000, 0x00000000d5900000, 0x0000000100000000)
  eden space 1024K, 100% used [0x00000000d5580000,0x00000000d5680000,0x00000000d5680000)
  from space 1024K, 75% used [0x00000000d5780000,0x00000000d5841eb8,0x00000000d5880000)
  to   space 512K, 0% used [0x00000000d5880000,0x00000000d5880000,0x00000000d5900000)
 ParOldGen       total 360448K, used 360144K [0x0000000080000000, 0x0000000096000000, 0x00000000d5580000)
  object space 360448K, 99% used [0x0000000080000000,0x0000000095fb4308,0x0000000096000000)
 Metaspace       used 61578K, committed 63040K, reserved 1114112K
  class space    used 6562K, committed 7168K, reserved 1048576K
}
Event: 16.728 GC heap after
{Heap after GC invocations=331 (full 3):
 PSYoungGen      total 1536K, used 512K [0x00000000d5580000, 0x00000000d5a80000, 0x0000000100000000)
  eden space 1024K, 0% used [0x00000000d5580000,0x00000000d5580000,0x00000000d5680000)
  from space 512K, 100% used [0x00000000d5880000,0x00000000d5900000,0x00000000d5900000)
  to   space 2048K, 0% used [0x00000000d5680000,0x00000000d5680000,0x00000000d5880000)
 ParOldGen       total 361472K, used 361381K [0x0000000080000000, 0x0000000096100000, 0x00000000d5580000)
  object space 361472K, 99% used [0x0000000080000000,0x00000000960e9730,0x0000000096100000)
 Metaspace       used 61578K, committed 63040K, reserved 1114112K
  class space    used 6562K, committed 7168K, reserved 1048576K
}
Event: 16.759 GC heap before
{Heap before GC invocations=332 (full 3):
 PSYoungGen      total 1536K, used 1335K [0x00000000d5580000, 0x00000000d5a80000, 0x0000000100000000)
  eden space 1024K, 80% used [0x00000000d5580000,0x00000000d564df58,0x00000000d5680000)
  from space 512K, 100% used [0x00000000d5880000,0x00000000d5900000,0x00000000d5900000)
  to   space 2048K, 0% used [0x00000000d5680000,0x00000000d5680000,0x00000000d5880000)
 ParOldGen       total 361472K, used 361381K [0x0000000080000000, 0x0000000096100000, 0x00000000d5580000)
  object space 361472K, 99% used [0x0000000080000000,0x00000000960e9730,0x0000000096100000)
 Metaspace       used 61578K, committed 63040K, reserved 1114112K
  class space    used 6562K, committed 7168K, reserved 1048576K
}
Event: 16.763 GC heap after
{Heap after GC invocations=332 (full 3):
 PSYoungGen      total 2048K, used 915K [0x00000000d5580000, 0x00000000d5980000, 0x0000000100000000)
  eden space 1024K, 0% used [0x00000000d5580000,0x00000000d5580000,0x00000000d5680000)
  from space 1024K, 89% used [0x00000000d5680000,0x00000000d5764fd0,0x00000000d5780000)
  to   space 1536K, 0% used [0x00000000d5800000,0x00000000d5800000,0x00000000d5980000)
 ParOldGen       total 361984K, used 361901K [0x0000000080000000, 0x0000000096180000, 0x00000000d5580000)
  object space 361984K, 99% used [0x0000000080000000,0x000000009616b730,0x0000000096180000)
 Metaspace       used 61578K, committed 63040K, reserved 1114112K
  class space    used 6562K, committed 7168K, reserved 1048576K
}
Event: 16.786 GC heap before
{Heap before GC invocations=333 (full 3):
 PSYoungGen      total 2048K, used 1936K [0x00000000d5580000, 0x00000000d5980000, 0x0000000100000000)
  eden space 1024K, 99% used [0x00000000d5580000,0x00000000d567f118,0x00000000d5680000)
  from space 1024K, 89% used [0x00000000d5680000,0x00000000d5764fd0,0x00000000d5780000)
  to   space 1536K, 0% used [0x00000000d5800000,0x00000000d5800000,0x00000000d5980000)
 ParOldGen       total 361984K, used 361901K [0x0000000080000000, 0x0000000096180000, 0x00000000d5580000)
  object space 361984K, 99% used [0x0000000080000000,0x000000009616b730,0x0000000096180000)
 Metaspace       used 61578K, committed 63040K, reserved 1114112K
  class space    used 6562K, committed 7168K, reserved 1048576K
}
Event: 16.791 GC heap after
{Heap after GC invocations=333 (full 3):
 PSYoungGen      total 2560K, used 1184K [0x00000000d5580000, 0x00000000d5980000, 0x0000000100000000)
  eden space 1024K, 0% used [0x00000000d5580000,0x00000000d5580000,0x00000000d5680000)
  from space 1536K, 77% used [0x00000000d5800000,0x00000000d5928000,0x00000000d5980000)
  to   space 1536K, 0% used [0x00000000d5680000,0x00000000d5680000,0x00000000d5800000)
 ParOldGen       total 363008K, used 362732K [0x0000000080000000, 0x0000000096280000, 0x00000000d5580000)
  object space 363008K, 99% used [0x0000000080000000,0x000000009623b130,0x0000000096280000)
 Metaspace       used 61578K, committed 63040K, reserved 1114112K
  class space    used 6562K, committed 7168K, reserved 1048576K
}
Event: 16.836 GC heap before
{Heap before GC invocations=334 (full 3):
 PSYoungGen      total 2560K, used 2208K [0x00000000d5580000, 0x00000000d5980000, 0x0000000100000000)
  eden space 1024K, 100% used [0x00000000d5580000,0x00000000d5680000,0x00000000d5680000)
  from space 1536K, 77% used [0x00000000d5800000,0x00000000d5928000,0x00000000d5980000)
  to   space 1536K, 0% used [0x00000000d5680000,0x00000000d5680000,0x00000000d5800000)
 ParOldGen       total 363008K, used 362732K [0x0000000080000000, 0x0000000096280000, 0x00000000d5580000)
  object space 363008K, 99% used [0x0000000080000000,0x000000009623b130,0x0000000096280000)
 Metaspace       used 61578K, committed 63040K, reserved 1114112K
  class space    used 6562K, committed 7168K, reserved 1048576K
}
Event: 16.845 GC heap after
{Heap after GC invocations=334 (full 3):
 PSYoungGen      total 2560K, used 1159K [0x00000000d5580000, 0x00000000d5980000, 0x0000000100000000)
  eden space 1024K, 0% used [0x00000000d5580000,0x00000000d5580000,0x00000000d5680000)
  from space 1536K, 75% used [0x00000000d5680000,0x00000000d57a1fa0,0x00000000d5800000)
  to   space 1536K, 0% used [0x00000000d5800000,0x00000000d5800000,0x00000000d5980000)
 ParOldGen       total 364032K, used 363764K [0x0000000080000000, 0x0000000096380000, 0x00000000d5580000)
  object space 364032K, 99% used [0x0000000080000000,0x000000009633d120,0x0000000096380000)
 Metaspace       used 61578K, committed 63040K, reserved 1114112K
  class space    used 6562K, committed 7168K, reserved 1048576K
}

