# JRE version: OpenJDK Runtime Environment Temurin-21.0.8+9 (21.0.8+9) (build 21.0.8+9-LTS)
# Java VM: OpenJDK 64-Bit Server VM Temurin-21.0.8+9 (21.0.8+9-LTS, mixed mode, sharing, tiered, compressed oops, compressed class ptrs, parallel gc, windows-amd64)
GC Precious Log:
 CardTable entry size: 512
 CPUs: 8 total, 8 available
 Memory: 3895M
 Large Page Support: Disabled
 NUMA Support: Disabled
 Compressed Oops: Enabled (32-bit)
 Alignments: Space 512K, Generation 512K, Heap 2M
 Heap Min Capacity: 100M
 Heap Initial Capacity: 100M
 Heap Max Capacity: 2G
 Pre-touch: Disabled
 Parallel Workers: 8
Heap:
 PSYoungGen      total 10752K, used 10573K [0x00000000d5580000, 0x00000000d6300000, 0x0000000100000000)
  eden space 8704K, 100% used [0x00000000d5580000,0x00000000d5e00000,0x00000000d5e00000)
  from space 2048K, 91% used [0x00000000d6100000,0x00000000d62d3530,0x00000000d6300000)
  to   space 2048K, 95% used [0x00000000d5e00000,0x00000000d5feb658,0x00000000d6000000)
 ParOldGen       total 159232K, used 158875K [0x0000000080000000, 0x0000000089b80000, 0x00000000d5580000)
  object space 159232K, 99% used [0x0000000080000000,0x0000000089b26f28,0x0000000089b80000)
 Metaspace       used 58037K, committed 59392K, reserved 1114112K
  class space    used 6235K, committed 6848K, reserved 1048576K
GC Heap History (20 events):
Event: 11.947 GC heap before
{Heap before GC invocations=63 (full 2):
 PSYoungGen      total 14336K, used 14218K [0x00000000d5580000, 0x00000000d6600000, 0x0000000100000000)
  eden space 11776K, 100% used [0x00000000d5580000,0x00000000d6100000,0x00000000d6100000)
  from space 2560K, 95% used [0x00000000d6380000,0x00000000d65e2b28,0x00000000d6600000)
  to   space 2560K, 0% used [0x00000000d6100000,0x00000000d6100000,0x00000000d6380000)
 ParOldGen       total 136192K, used 136152K [0x0000000080000000, 0x0000000088500000, 0x00000000d5580000)
  object space 136192K, 99% used [0x0000000080000000,0x00000000884f6290,0x0000000088500000)
 Metaspace       used 57448K, committed 58816K, reserved 1114112K
  class space    used 6194K, committed 6784K, reserved 1048576K
}
Event: 11.971 GC heap after
{Heap after GC invocations=63 (full 2):
 PSYoungGen      total 14336K, used 2549K [0x00000000d5580000, 0x00000000d6c00000, 0x0000000100000000)
  eden space 11776K, 0% used [0x00000000d5580000,0x00000000d5580000,0x00000000d6100000)
  from space 2560K, 99% used [0x00000000d6100000,0x00000000d637d5d8,0x00000000d6380000)
  to   space 5632K, 0% used [0x00000000d6680000,0x00000000d6680000,0x00000000d6c00000)
 ParOldGen       total 138752K, used 138379K [0x0000000080000000, 0x0000000088780000, 0x00000000d5580000)
  object space 138752K, 99% used [0x0000000080000000,0x0000000088722ef8,0x0000000088780000)
 Metaspace       used 57448K, committed 58816K, reserved 1114112K
  class space    used 6194K, committed 6784K, reserved 1048576K
}
Event: 12.127 GC heap before
{Heap before GC invocations=64 (full 2):
 PSYoungGen      total 14336K, used 14325K [0x00000000d5580000, 0x00000000d6c00000, 0x0000000100000000)
  eden space 11776K, 100% used [0x00000000d5580000,0x00000000d6100000,0x00000000d6100000)
  from space 2560K, 99% used [0x00000000d6100000,0x00000000d637d5d8,0x00000000d6380000)
  to   space 5632K, 0% used [0x00000000d6680000,0x00000000d6680000,0x00000000d6c00000)
 ParOldGen       total 138752K, used 138379K [0x0000000080000000, 0x0000000088780000, 0x00000000d5580000)
  object space 138752K, 99% used [0x0000000080000000,0x0000000088722ef8,0x0000000088780000)
 Metaspace       used 57645K, committed 59008K, reserved 1114112K
  class space    used 6217K, committed 6784K, reserved 1048576K
}
Event: 12.172 GC heap after
{Heap after GC invocations=64 (full 2):
 PSYoungGen      total 14848K, used 2641K [0x00000000d5580000, 0x00000000d6980000, 0x0000000100000000)
  eden space 11776K, 0% used [0x00000000d5580000,0x00000000d5580000,0x00000000d6100000)
  from space 3072K, 85% used [0x00000000d6680000,0x00000000d6914620,0x00000000d6980000)
  to   space 3584K, 0% used [0x00000000d6280000,0x00000000d6280000,0x00000000d6600000)
 ParOldGen       total 140800K, used 140734K [0x0000000080000000, 0x0000000088980000, 0x00000000d5580000)
  object space 140800K, 99% used [0x0000000080000000,0x000000008896f8b8,0x0000000088980000)
 Metaspace       used 57645K, committed 59008K, reserved 1114112K
  class space    used 6217K, committed 6784K, reserved 1048576K
}
Event: 12.349 GC heap before
{Heap before GC invocations=65 (full 2):
 PSYoungGen      total 14848K, used 14417K [0x00000000d5580000, 0x00000000d6980000, 0x0000000100000000)
  eden space 11776K, 100% used [0x00000000d5580000,0x00000000d6100000,0x00000000d6100000)
  from space 3072K, 85% used [0x00000000d6680000,0x00000000d6914620,0x00000000d6980000)
  to   space 3584K, 0% used [0x00000000d6280000,0x00000000d6280000,0x00000000d6600000)
 ParOldGen       total 140800K, used 140734K [0x0000000080000000, 0x0000000088980000, 0x00000000d5580000)
  object space 140800K, 99% used [0x0000000080000000,0x000000008896f8b8,0x0000000088980000)
 Metaspace       used 57771K, committed 59200K, reserved 1114112K
  class space    used 6231K, committed 6848K, reserved 1048576K
}
Event: 12.361 GC heap after
{Heap after GC invocations=65 (full 2):
 PSYoungGen      total 14336K, used 2446K [0x00000000d5580000, 0x00000000d6700000, 0x0000000100000000)
  eden space 11776K, 0% used [0x00000000d5580000,0x00000000d5580000,0x00000000d6100000)
  from space 2560K, 95% used [0x00000000d6280000,0x00000000d64e3868,0x00000000d6500000)
  to   space 2048K, 0% used [0x00000000d6500000,0x00000000d6500000,0x00000000d6700000)
 ParOldGen       total 143360K, used 143276K [0x0000000080000000, 0x0000000088c00000, 0x00000000d5580000)
  object space 143360K, 99% used [0x0000000080000000,0x0000000088beb300,0x0000000088c00000)
 Metaspace       used 57771K, committed 59200K, reserved 1114112K
  class space    used 6231K, committed 6848K, reserved 1048576K
}
Event: 12.428 GC heap before
{Heap before GC invocations=66 (full 2):
 PSYoungGen      total 14336K, used 14222K [0x00000000d5580000, 0x00000000d6700000, 0x0000000100000000)
  eden space 11776K, 100% used [0x00000000d5580000,0x00000000d6100000,0x00000000d6100000)
  from space 2560K, 95% used [0x00000000d6280000,0x00000000d64e3868,0x00000000d6500000)
  to   space 2048K, 0% used [0x00000000d6500000,0x00000000d6500000,0x00000000d6700000)
 ParOldGen       total 143360K, used 143276K [0x0000000080000000, 0x0000000088c00000, 0x00000000d5580000)
  object space 143360K, 99% used [0x0000000080000000,0x0000000088beb300,0x0000000088c00000)
 Metaspace       used 57829K, committed 59200K, reserved 1114112K
  class space    used 6232K, committed 6848K, reserved 1048576K
}
Event: 12.433 GC heap after
{Heap after GC invocations=66 (full 2):
 PSYoungGen      total 12288K, used 2028K [0x00000000d5580000, 0x00000000d6c00000, 0x0000000100000000)
  eden space 10240K, 0% used [0x00000000d5580000,0x00000000d5580000,0x00000000d5f80000)
  from space 2048K, 99% used [0x00000000d6500000,0x00000000d66fb2b8,0x00000000d6700000)
  to   space 5632K, 0% used [0x00000000d5f80000,0x00000000d5f80000,0x00000000d6500000)
 ParOldGen       total 146432K, used 146052K [0x0000000080000000, 0x0000000088f00000, 0x00000000d5580000)
  object space 146432K, 99% used [0x0000000080000000,0x0000000088ea1258,0x0000000088f00000)
 Metaspace       used 57829K, committed 59200K, reserved 1114112K
  class space    used 6232K, committed 6848K, reserved 1048576K
}
Event: 12.512 GC heap before
{Heap before GC invocations=67 (full 2):
 PSYoungGen      total 12288K, used 12268K [0x00000000d5580000, 0x00000000d6c00000, 0x0000000100000000)
  eden space 10240K, 100% used [0x00000000d5580000,0x00000000d5f80000,0x00000000d5f80000)
  from space 2048K, 99% used [0x00000000d6500000,0x00000000d66fb2b8,0x00000000d6700000)
  to   space 5632K, 0% used [0x00000000d5f80000,0x00000000d5f80000,0x00000000d6500000)
 ParOldGen       total 146432K, used 146052K [0x0000000080000000, 0x0000000088f00000, 0x00000000d5580000)
  object space 146432K, 99% used [0x0000000080000000,0x0000000088ea1258,0x0000000088f00000)
 Metaspace       used 57875K, committed 59264K, reserved 1114112K
  class space    used 6232K, committed 6848K, reserved 1048576K
}
Event: 12.524 GC heap after
{Heap after GC invocations=67 (full 2):
 PSYoungGen      total 12288K, used 2027K [0x00000000d5580000, 0x00000000d6580000, 0x0000000100000000)
  eden space 10240K, 0% used [0x00000000d5580000,0x00000000d5580000,0x00000000d5f80000)
  from space 2048K, 99% used [0x00000000d5f80000,0x00000000d617afa8,0x00000000d6180000)
  to   space 3072K, 0% used [0x00000000d6280000,0x00000000d6280000,0x00000000d6580000)
 ParOldGen       total 148480K, used 148030K [0x0000000080000000, 0x0000000089100000, 0x00000000d5580000)
  object space 148480K, 99% used [0x0000000080000000,0x000000008908fa80,0x0000000089100000)
 Metaspace       used 57875K, committed 59264K, reserved 1114112K
  class space    used 6232K, committed 6848K, reserved 1048576K
}
Event: 12.654 GC heap before
{Heap before GC invocations=68 (full 2):
 PSYoungGen      total 12288K, used 12267K [0x00000000d5580000, 0x00000000d6580000, 0x0000000100000000)
  eden space 10240K, 100% used [0x00000000d5580000,0x00000000d5f80000,0x00000000d5f80000)
  from space 2048K, 99% used [0x00000000d5f80000,0x00000000d617afa8,0x00000000d6180000)
  to   space 3072K, 0% used [0x00000000d6280000,0x00000000d6280000,0x00000000d6580000)
 ParOldGen       total 148480K, used 148030K [0x0000000080000000, 0x0000000089100000, 0x00000000d5580000)
  object space 148480K, 99% used [0x0000000080000000,0x000000008908fa80,0x0000000089100000)
 Metaspace       used 57946K, committed 59328K, reserved 1114112K
  class space    used 6233K, committed 6848K, reserved 1048576K
}
Event: 12.663 GC heap after
{Heap after GC invocations=68 (full 2):
 PSYoungGen      total 12800K, used 2201K [0x00000000d5580000, 0x00000000d6500000, 0x0000000100000000)
  eden space 10240K, 0% used [0x00000000d5580000,0x00000000d5580000,0x00000000d5f80000)
  from space 2560K, 85% used [0x00000000d6280000,0x00000000d64a6448,0x00000000d6500000)
  to   space 2560K, 0% used [0x00000000d6000000,0x00000000d6000000,0x00000000d6280000)
 ParOldGen       total 150016K, used 149860K [0x0000000080000000, 0x0000000089280000, 0x00000000d5580000)
  object space 150016K, 99% used [0x0000000080000000,0x0000000089259200,0x0000000089280000)
 Metaspace       used 57946K, committed 59328K, reserved 1114112K
  class space    used 6233K, committed 6848K, reserved 1048576K
}
Event: 12.723 GC heap before
{Heap before GC invocations=69 (full 2):
 PSYoungGen      total 12800K, used 12441K [0x00000000d5580000, 0x00000000d6500000, 0x0000000100000000)
  eden space 10240K, 100% used [0x00000000d5580000,0x00000000d5f80000,0x00000000d5f80000)
  from space 2560K, 85% used [0x00000000d6280000,0x00000000d64a6448,0x00000000d6500000)
  to   space 2560K, 0% used [0x00000000d6000000,0x00000000d6000000,0x00000000d6280000)
 ParOldGen       total 150016K, used 149860K [0x0000000080000000, 0x0000000089280000, 0x00000000d5580000)
  object space 150016K, 99% used [0x0000000080000000,0x0000000089259200,0x0000000089280000)
 Metaspace       used 57975K, committed 59392K, reserved 1114112K
  class space    used 6233K, committed 6848K, reserved 1048576K
}
Event: 12.732 GC heap after
{Heap after GC invocations=69 (full 2):
 PSYoungGen      total 12800K, used 2066K [0x00000000d5580000, 0x00000000d6480000, 0x0000000100000000)
  eden space 10240K, 0% used [0x00000000d5580000,0x00000000d5580000,0x00000000d5f80000)
  from space 2560K, 80% used [0x00000000d6000000,0x00000000d6204ae8,0x00000000d6280000)
  to   space 2048K, 0% used [0x00000000d6280000,0x00000000d6280000,0x00000000d6480000)
 ParOldGen       total 152064K, used 151779K [0x0000000080000000, 0x0000000089480000, 0x00000000d5580000)
  object space 152064K, 99% used [0x0000000080000000,0x0000000089438ca8,0x0000000089480000)
 Metaspace       used 57975K, committed 59392K, reserved 1114112K
  class space    used 6233K, committed 6848K, reserved 1048576K
}
Event: 12.779 GC heap before
{Heap before GC invocations=70 (full 2):
 PSYoungGen      total 12800K, used 12306K [0x00000000d5580000, 0x00000000d6480000, 0x0000000100000000)
  eden space 10240K, 100% used [0x00000000d5580000,0x00000000d5f80000,0x00000000d5f80000)
  from space 2560K, 80% used [0x00000000d6000000,0x00000000d6204ae8,0x00000000d6280000)
  to   space 2048K, 0% used [0x00000000d6280000,0x00000000d6280000,0x00000000d6480000)
 ParOldGen       total 152064K, used 151779K [0x0000000080000000, 0x0000000089480000, 0x00000000d5580000)
  object space 152064K, 99% used [0x0000000080000000,0x0000000089438ca8,0x0000000089480000)
 Metaspace       used 57983K, committed 59392K, reserved 1114112K
  class space    used 6233K, committed 6848K, reserved 1048576K
}
Event: 12.788 GC heap after
{Heap after GC invocations=70 (full 2):
 PSYoungGen      total 10752K, used 2039K [0x00000000d5580000, 0x00000000d6880000, 0x0000000100000000)
  eden space 8704K, 0% used [0x00000000d5580000,0x00000000d5580000,0x00000000d5e00000)
  from space 2048K, 99% used [0x00000000d6280000,0x00000000d647dc90,0x00000000d6480000)
  to   space 4608K, 0% used [0x00000000d5e00000,0x00000000d5e00000,0x00000000d6280000)
 ParOldGen       total 154112K, used 153804K [0x0000000080000000, 0x0000000089680000, 0x00000000d5580000)
  object space 154112K, 99% used [0x0000000080000000,0x00000000896331b0,0x0000000089680000)
 Metaspace       used 57983K, committed 59392K, reserved 1114112K
  class space    used 6233K, committed 6848K, reserved 1048576K
}
Event: 12.852 GC heap before
{Heap before GC invocations=71 (full 2):
 PSYoungGen      total 10752K, used 10743K [0x00000000d5580000, 0x00000000d6880000, 0x0000000100000000)
  eden space 8704K, 100% used [0x00000000d5580000,0x00000000d5e00000,0x00000000d5e00000)
  from space 2048K, 99% used [0x00000000d6280000,0x00000000d647dc90,0x00000000d6480000)
  to   space 4608K, 0% used [0x00000000d5e00000,0x00000000d5e00000,0x00000000d6280000)
 ParOldGen       total 154112K, used 153804K [0x0000000080000000, 0x0000000089680000, 0x00000000d5580000)
  object space 154112K, 99% used [0x0000000080000000,0x00000000896331b0,0x0000000089680000)
 Metaspace       used 58001K, committed 59392K, reserved 1114112K
  class space    used 6233K, committed 6848K, reserved 1048576K
}
Event: 12.858 GC heap after
{Heap after GC invocations=71 (full 2):
 PSYoungGen      total 10752K, used 1909K [0x00000000d5580000, 0x00000000d6400000, 0x0000000100000000)
  eden space 8704K, 0% used [0x00000000d5580000,0x00000000d5580000,0x00000000d5e00000)
  from space 2048K, 93% used [0x00000000d5e00000,0x00000000d5fdd4a0,0x00000000d6000000)
  to   space 3072K, 0% used [0x00000000d6100000,0x00000000d6100000,0x00000000d6400000)
 ParOldGen       total 156160K, used 155749K [0x0000000080000000, 0x0000000089880000, 0x00000000d5580000)
  object space 156160K, 99% used [0x0000000080000000,0x0000000089819630,0x0000000089880000)
 Metaspace       used 58001K, committed 59392K, reserved 1114112K
  class space    used 6233K, committed 6848K, reserved 1048576K
}
Event: 12.904 GC heap before
{Heap before GC invocations=72 (full 2):
 PSYoungGen      total 10752K, used 10607K [0x00000000d5580000, 0x00000000d6400000, 0x0000000100000000)
  eden space 8704K, 99% used [0x00000000d5580000,0x00000000d5dfe778,0x00000000d5e00000)
  from space 2048K, 93% used [0x00000000d5e00000,0x00000000d5fdd4a0,0x00000000d6000000)
  to   space 3072K, 0% used [0x00000000d6100000,0x00000000d6100000,0x00000000d6400000)
 ParOldGen       total 156160K, used 155749K [0x0000000080000000, 0x0000000089880000, 0x00000000d5580000)
  object space 156160K, 99% used [0x0000000080000000,0x0000000089819630,0x0000000089880000)
 Metaspace       used 58029K, committed 59392K, reserved 1114112K
  class space    used 6235K, committed 6848K, reserved 1048576K
}
Event: 12.909 GC heap after
{Heap after GC invocations=72 (full 2):
 PSYoungGen      total 10752K, used 1869K [0x00000000d5580000, 0x00000000d6300000, 0x0000000100000000)
  eden space 8704K, 0% used [0x00000000d5580000,0x00000000d5580000,0x00000000d5e00000)
  from space 2048K, 91% used [0x00000000d6100000,0x00000000d62d3530,0x00000000d6300000)
  to   space 2048K, 0% used [0x00000000d5e00000,0x00000000d5e00000,0x00000000d6000000)
 ParOldGen       total 157696K, used 157429K [0x0000000080000000, 0x0000000089a00000, 0x00000000d5580000)
  object space 157696K, 99% used [0x0000000080000000,0x00000000899bd7d0,0x0000000089a00000)
 Metaspace       used 58029K, committed 59392K, reserved 1114112K
  class space    used 6235K, committed 6848K, reserved 1048576K
}

